<?xml version="1.0" encoding="UTF-8" ?>
<testsuite tests="40" failures="0" name="step_definitions.RunCukesTest" time="19.835" errors="0" skipped="0">
  <properties>
    <property name="java.runtime.name" value="Java(TM) SE Runtime Environment"/>
    <property name="sun.boot.library.path" value="C:\Program Files\Java\jdk1.8.0_311\jre\bin"/>
    <property name="java.vm.version" value="25.311-b11"/>
    <property name="user.country.format" value="ID"/>
    <property name="java.vm.vendor" value="Oracle Corporation"/>
    <property name="maven.multiModuleProjectDirectory" value="E:\Belajar code java\Small Project 2"/>
    <property name="java.vendor.url" value="http://java.oracle.com/"/>
    <property name="path.separator" value=";"/>
    <property name="guice.disable.misplaced.annotation.check" value="true"/>
    <property name="java.vm.name" value="Java HotSpot(TM) 64-Bit Server VM"/>
    <property name="file.encoding.pkg" value="sun.io"/>
    <property name="user.script" value=""/>
    <property name="user.country" value="US"/>
    <property name="sun.java.launcher" value="SUN_STANDARD"/>
    <property name="sun.os.patch.level" value=""/>
    <property name="java.vm.specification.name" value="Java Virtual Machine Specification"/>
    <property name="user.dir" value="E:\Belajar code java\Small Project 2"/>
    <property name="java.runtime.version" value="1.8.0_311-b11"/>
    <property name="java.awt.graphicsenv" value="sun.awt.Win32GraphicsEnvironment"/>
    <property name="java.endorsed.dirs" value="C:\Program Files\Java\jdk1.8.0_311\jre\lib\endorsed"/>
    <property name="os.arch" value="amd64"/>
    <property name="java.io.tmpdir" value="C:\Users\TELKOM\AppData\Local\Temp\"/>
    <property name="line.separator" value="
"/>
    <property name="java.vm.specification.vendor" value="Oracle Corporation"/>
    <property name="user.variant" value=""/>
    <property name="os.name" value="Windows 10"/>
    <property name="classworlds.conf" value="C:\Users\TELKOM\zein\apache-maven-3.8.4\bin\m2.conf"/>
    <property name="sun.jnu.encoding" value="Cp1252"/>
    <property name="java.library.path" value="C:\Program Files\Java\jdk1.8.0_311\bin;C:\WINDOWS\Sun\Java\bin;C:\WINDOWS\system32;C:\WINDOWS;C:\Program Files (x86)\Common Files\Oracle\Java\javapath;C:\WINDOWS\system32;C:\WINDOWS;C:\WINDOWS\System32\Wbem;C:\WINDOWS\System32\WindowsPowerShell\v1.0\;C:\WINDOWS\System32\OpenSSH\;C:\Users\TELKOM\zein\apache-maven-3.8.4\bin;C:\Program Files\Java\jdk1.8.0_311\bin\;C:\Users\TELKOM\zein\apache-maven-3.8.4\bin\;C:\Program Files\Git\cmd;C:\Program Files\TortoiseGit\bin;C:\Program Files\nodejs\;C:\Users\TELKOM\.katalon\tools\android_sdk\platform-tools;C:\Python27\Scripts;C:\Python27;C:\Users\TELKOM\AppData\Local\Programs\Microsoft VS Code\bin;C:\Users\TELKOM\AppData\Local\Microsoft\WindowsApps;C:\Program Files\JetBrains\IntelliJ IDEA Community Edition 2021.3.1\bin;;C:\Program Files\Java\jdk1.8.0_311\bin;C:\Users\TELKOM\AppData\Roaming\npm;C:\Program Files\nodejs\;C:\Users\TELKOM\.katalon\tools\android_sdk\platform-tools;C:\Python27;C:\Python27\Scripts;;."/>
    <property name="maven.conf" value="C:\Users\TELKOM\zein\apache-maven-3.8.4/conf"/>
    <property name="java.specification.name" value="Java Platform API Specification"/>
    <property name="java.class.version" value="52.0"/>
    <property name="sun.management.compiler" value="HotSpot 64-Bit Tiered Compilers"/>
    <property name="os.version" value="10.0"/>
    <property name="library.jansi.path" value="C:\Users\TELKOM\zein\apache-maven-3.8.4\lib\jansi-native"/>
    <property name="user.home" value="C:\Users\TELKOM"/>
    <property name="user.timezone" value="Asia/Bangkok"/>
    <property name="java.awt.printerjob" value="sun.awt.windows.WPrinterJob"/>
    <property name="java.specification.version" value="1.8"/>
    <property name="file.encoding" value="Cp1252"/>
    <property name="user.name" value="TELKOM"/>
    <property name="java.class.path" value="C:\Users\TELKOM\zein\apache-maven-3.8.4\boot\plexus-classworlds-2.6.0.jar"/>
    <property name="java.vm.specification.version" value="1.8"/>
    <property name="sun.arch.data.model" value="64"/>
    <property name="java.home" value="C:\Program Files\Java\jdk1.8.0_311\jre"/>
    <property name="sun.java.command" value="org.codehaus.plexus.classworlds.launcher.Launcher test"/>
    <property name="java.specification.vendor" value="Oracle Corporation"/>
    <property name="user.language" value="en"/>
    <property name="user.language.format" value="id"/>
    <property name="awt.toolkit" value="sun.awt.windows.WToolkit"/>
    <property name="java.vm.info" value="mixed mode"/>
    <property name="java.version" value="1.8.0_311"/>
    <property name="java.ext.dirs" value="C:\Program Files\Java\jdk1.8.0_311\jre\lib\ext;C:\WINDOWS\Sun\Java\lib\ext"/>
    <property name="sun.boot.class.path" value="C:\Program Files\Java\jdk1.8.0_311\jre\lib\resources.jar;C:\Program Files\Java\jdk1.8.0_311\jre\lib\rt.jar;C:\Program Files\Java\jdk1.8.0_311\jre\lib\sunrsasign.jar;C:\Program Files\Java\jdk1.8.0_311\jre\lib\jsse.jar;C:\Program Files\Java\jdk1.8.0_311\jre\lib\jce.jar;C:\Program Files\Java\jdk1.8.0_311\jre\lib\charsets.jar;C:\Program Files\Java\jdk1.8.0_311\jre\lib\jfr.jar;C:\Program Files\Java\jdk1.8.0_311\jre\classes"/>
    <property name="sun.stderr.encoding" value="cp850"/>
    <property name="java.vendor" value="Oracle Corporation"/>
    <property name="maven.home" value="C:\Users\TELKOM\zein\apache-maven-3.8.4"/>
    <property name="file.separator" value="\"/>
    <property name="java.vendor.url.bug" value="http://bugreport.sun.com/bugreport/"/>
    <property name="sun.cpu.endian" value="little"/>
    <property name="sun.io.unicode.encoding" value="UnicodeLittle"/>
    <property name="sun.stdout.encoding" value="cp850"/>
    <property name="sun.desktop" value="windows"/>
    <property name="sun.cpu.isalist" value="amd64"/>
  </properties>
  <testcase classname="Scenario: Make sure button home clickable and link to next page" name="Given User open the home page" time="0"/>
  <testcase classname="Scenario: Make sure button home clickable and link to next page" name="And User click button nav toggle" time="0.001"/>
  <testcase classname="Scenario: Make sure button home clickable and link to next page" name="And User click button home" time="0"/>
  <testcase classname="Scenario: Make sure button home clickable and link to next page" name="Then User can see the home screen" time="0"/>
  <testcase classname="Scenario: Make sure button home clickable and link to next page" name="Scenario: Make sure button home clickable and link to next page" time="10.629"/>
  <testcase classname="Scenario: Make sure button interior clickable and link to next page" name="Given User open the home page" time="0"/>
  <testcase classname="Scenario: Make sure button interior clickable and link to next page" name="And User click button nav toggle" time="0"/>
  <testcase classname="Scenario: Make sure button interior clickable and link to next page" name="And User click button interior" time="0"/>
  <testcase classname="Scenario: Make sure button interior clickable and link to next page" name="Then User can see the interior screen" time="0"/>
  <testcase classname="Scenario: Make sure button interior clickable and link to next page" name="Scenario: Make sure button interior clickable and link to next page" time="1.234"/>
  <testcase classname="Scenario: Make sure button amenities clickable and link to next page" name="Given User open the home page" time="0"/>
  <testcase classname="Scenario: Make sure button amenities clickable and link to next page" name="And User click button nav toggle" time="0"/>
  <testcase classname="Scenario: Make sure button amenities clickable and link to next page" name="And User click button amenities" time="0"/>
  <testcase classname="Scenario: Make sure button amenities clickable and link to next page" name="Then User can see the amenities screen" time="0"/>
  <testcase classname="Scenario: Make sure button amenities clickable and link to next page" name="Scenario: Make sure button amenities clickable and link to next page" time="1.561"/>
  <testcase classname="Scenario: Make sure button rooms clickable and link to next page" name="Given User open the home page" time="0"/>
  <testcase classname="Scenario: Make sure button rooms clickable and link to next page" name="And User click button nav toggle" time="0"/>
  <testcase classname="Scenario: Make sure button rooms clickable and link to next page" name="And User click button rooms" time="0"/>
  <testcase classname="Scenario: Make sure button rooms clickable and link to next page" name="Then User can see the rooms screen" time="0"/>
  <testcase classname="Scenario: Make sure button rooms clickable and link to next page" name="Scenario: Make sure button rooms clickable and link to next page" time="1.412"/>
  <testcase classname="Scenario: Make sure button testimonials clickable and link to next page" name="Given User open the home page" time="0"/>
  <testcase classname="Scenario: Make sure button testimonials clickable and link to next page" name="And User click button nav toggle" time="0"/>
  <testcase classname="Scenario: Make sure button testimonials clickable and link to next page" name="And User click button testimonials" time="0"/>
  <testcase classname="Scenario: Make sure button testimonials clickable and link to next page" name="Then User can see the testimonials screen" time="0.001"/>
  <testcase classname="Scenario: Make sure button testimonials clickable and link to next page" name="Scenario: Make sure button testimonials clickable and link to next page" time="1.347"/>
  <testcase classname="Scenario: Make sure button legal notice clickable and link to next page" name="Given User open the home page" time="0"/>
  <testcase classname="Scenario: Make sure button legal notice clickable and link to next page" name="And User click button nav toggle" time="0"/>
  <testcase classname="Scenario: Make sure button legal notice clickable and link to next page" name="And User click button legal notice" time="0"/>
  <testcase classname="Scenario: Make sure button legal notice clickable and link to next page" name="Then User can see the legal notice screen" time="0"/>
  <testcase classname="Scenario: Make sure button legal notice clickable and link to next page" name="Scenario: Make sure button legal notice clickable and link to next page" time="1.291"/>
  <testcase classname="Scenario: Make sure button about us clickable and link to next page" name="Given User open the home page" time="0"/>
  <testcase classname="Scenario: Make sure button about us clickable and link to next page" name="And User click button nav toggle" time="0.001"/>
  <testcase classname="Scenario: Make sure button about us clickable and link to next page" name="And User click button about us" time="0"/>
  <testcase classname="Scenario: Make sure button about us clickable and link to next page" name="Then User can see the about us screen" time="0"/>
  <testcase classname="Scenario: Make sure button about us clickable and link to next page" name="Scenario: Make sure button about us clickable and link to next page" time="1.154"/>
  <testcase classname="Scenario: Make sure button contact clickable and link to next page" name="Given User open the home page" time="0"/>
  <testcase classname="Scenario: Make sure button contact clickable and link to next page" name="And User click button nav toggle" time="0"/>
  <testcase classname="Scenario: Make sure button contact clickable and link to next page" name="And User click button contact" time="0"/>
  <testcase classname="Scenario: Make sure button contact clickable and link to next page" name="Then User can see the contact us screen" time="0"/>
  <testcase classname="Scenario: Make sure button contact clickable and link to next page" name="Scenario: Make sure button contact clickable and link to next page" time="1.204"/>
</testsuite>